<?xml version="1.0" encoding="UTF-8"?>
<!-- Generated by org.testng.reporters.JUnitReportReporter -->
<testsuite skipped="0" hostname="5CG50201R7" name="Selenium.DynamicWeb_Table" tests="1" failures="0" timestamp="02 Jul 2018 14:26:12 GMT" time="150.289" errors="0">
  <testcase name="Test" time="150.289" classname="Selenium.DynamicWeb_Table"/>
</testsuite> <!-- Selenium.DynamicWeb_Table -->
