<?xml version="1.0" encoding="UTF-8"?>
<!-- Generated by org.testng.reporters.JUnitReportReporter -->
<testsuite skipped="0" hostname="5CG50201R7" name="classname" tests="1" failures="0" timestamp="01 Jul 2018 06:17:17 GMT" time="21.374" errors="0">
  <testcase name="test" time="21.374" classname="classname"/>
</testsuite> <!-- classname -->
