<?xml version="1.0" encoding="UTF-8"?>
<!-- Generated by org.testng.reporters.JUnitReportReporter -->
<testsuite skipped="0" hostname="5CG50201R7" name="Selenium.RightClick" tests="1" failures="0" timestamp="04 Jul 2018 15:28:36 GMT" time="41.330" errors="0">
  <testcase name="textInCaps" time="41.330" classname="Selenium.RightClick"/>
</testsuite> <!-- Selenium.RightClick -->
