<?xml version="1.0" encoding="UTF-8"?>
<!-- Generated by org.testng.reporters.JUnitReportReporter -->
<testsuite skipped="0" hostname="5CG50201R7" name="DataProvider" tests="3" failures="0" timestamp="31 May 2018 12:18:26 GMT" time="0.003" errors="0">
  <testcase name="Test2" time="0.002" classname="DataProvider"/>
  <testcase name="Test2" time="0.001" classname="DataProvider"/>
  <testcase name="Test2" time="0.000" classname="DataProvider"/>
</testsuite> <!-- DataProvider -->
