<?xml version="1.0" encoding="UTF-8"?>
<!-- Generated by org.testng.reporters.JUnitReportReporter -->
<testsuite skipped="0" hostname="5CG50201R7" name="Selenium.WebTable" tests="1" failures="0" timestamp="02 Jul 2018 13:50:50 GMT" time="1.013" errors="0">
  <testcase name="test" time="1.013" classname="Selenium.WebTable"/>
</testsuite> <!-- Selenium.WebTable -->
