<?xml version="1.0" encoding="UTF-8"?>
<!-- Generated by org.testng.reporters.JUnitReportReporter -->
<testsuite skipped="0" hostname="5CG50201R7" name="Selenium.UnexpectedAlert" tests="1" failures="0" timestamp="02 Jul 2018 17:35:28 GMT" time="0.062" errors="0">
  <testcase name="test" time="0.062" classname="Selenium.UnexpectedAlert"/>
</testsuite> <!-- Selenium.UnexpectedAlert -->
