<?xml version="1.0" encoding="UTF-8"?>
<!-- Generated by org.testng.reporters.JUnitReportReporter -->
<testsuite skipped="0" hostname="5CG50201R7" name="Selenium.GetAllLinks" tests="1" failures="0" timestamp="04 Jul 2018 16:21:42 GMT" time="0.786" errors="0">
  <testcase name="test" time="0.786" classname="Selenium.GetAllLinks"/>
</testsuite> <!-- Selenium.GetAllLinks -->
