<?xml version="1.0" encoding="UTF-8"?>
<!-- Generated by org.testng.reporters.JUnitReportReporter -->
<testsuite skipped="0" hostname="5CG50201R7" name="Selenium.LoadPageJavaScriptExecutor" tests="1" failures="0" timestamp="06 Jul 2018 06:57:40 GMT" time="0.549" errors="0">
  <testcase name="test" time="0.549" classname="Selenium.LoadPageJavaScriptExecutor"/>
</testsuite> <!-- Selenium.LoadPageJavaScriptExecutor -->
